<?xml version="1.0" encoding="UTF-8"?>
<!-- Generated by org.testng.reporters.JUnitReportReporter -->
<testsuite hostname="IT-Admin-PC" name="com.txt.Readtxt" tests="1" failures="0" timestamp="16 Dec 2015 14:22:59 GMT" time="0.010" errors="0">
  <testcase name="f" time="0.010" classname="com.txt.Readtxt"/>
</testsuite> <!-- com.txt.Readtxt -->
